15:25:41 INFO  : Registering command handlers for SDK TCF services
15:25:43 INFO  : Launching XSCT server: xsct.bat -interactive C:\Users\agazor\agazorDropBox\Dropbox\UTU\DSP\OLED_on_ZedBoard-master\project_2\project_2.sdk\temp_xsdb_launch_script.tcl
15:25:52 INFO  : XSCT server has started successfully.
15:25:53 INFO  : Successfully done setting XSCT server connection channel  
15:26:16 INFO  : Successfully done setting SDK workspace  
15:26:16 INFO  : Processing command line option -hwspec C:/Users/agazor/agazorDropBox/Dropbox/UTU/DSP/OLED_on_ZedBoard-master/project_2/project_2.sdk/base_zynq_wrapper.hdf.
16:21:46 INFO  : 'targets -set -filter {jtag_cable_name =~ "Digilent Zed 210248446996" && level==0} -index 1' command is executed.
16:21:46 INFO  : 'fpga -state' command is executed.
16:21:52 INFO  : Connected to target on host '127.0.0.1' and port '3121'.
16:21:52 INFO  : Jtag cable 'Digilent Zed 210248446996' is selected.
16:21:52 INFO  : 'jtag frequency' command is executed.
16:21:52 INFO  : Sourcing of 'C:/Users/agazor/agazorDropBox/Dropbox/UTU/DSP/OLED_on_ZedBoard-master/project_2/project_2.sdk/base_zynq_wrapper_hw_platform_0/ps7_init.tcl' is done.
16:21:52 INFO  : Context for 'APU' is selected.
16:21:52 INFO  : Hardware design information is loaded from 'C:/Users/agazor/agazorDropBox/Dropbox/UTU/DSP/OLED_on_ZedBoard-master/project_2/project_2.sdk/base_zynq_wrapper_hw_platform_0/system.hdf'.
16:21:52 INFO  : 'configparams force-mem-access 1' command is executed.
16:21:52 INFO  : Context for 'APU' is selected.
16:21:52 INFO  : 'stop' command is executed.
16:21:53 INFO  : 'ps7_init' command is executed.
16:21:53 INFO  : 'ps7_post_config' command is executed.
16:21:53 INFO  : Context for processor 'ps7_cortexa9_0' is selected.
16:21:53 INFO  : Processor reset is completed for 'ps7_cortexa9_0'.
16:21:53 INFO  : Context for processor 'ps7_cortexa9_0' is selected.
16:21:53 INFO  : The application 'C:/Users/agazor/agazorDropBox/Dropbox/UTU/DSP/OLED_on_ZedBoard-master/project_2/project_2.sdk/standalone/Debug/standalone.elf' is downloaded to processor 'ps7_cortexa9_0'.
16:21:53 INFO  : 'configparams force-mem-access 0' command is executed.
16:21:53 INFO  : ----------------XSDB Script----------------
connect -url tcp:127.0.0.1:3121
source C:/Users/agazor/agazorDropBox/Dropbox/UTU/DSP/OLED_on_ZedBoard-master/project_2/project_2.sdk/base_zynq_wrapper_hw_platform_0/ps7_init.tcl
targets -set -nocase -filter {name =~"APU*" && jtag_cable_name =~ "Digilent Zed 210248446996"} -index 0
loadhw -hw C:/Users/agazor/agazorDropBox/Dropbox/UTU/DSP/OLED_on_ZedBoard-master/project_2/project_2.sdk/base_zynq_wrapper_hw_platform_0/system.hdf -mem-ranges [list {0x40000000 0xbfffffff}]
configparams force-mem-access 1
targets -set -nocase -filter {name =~"APU*" && jtag_cable_name =~ "Digilent Zed 210248446996"} -index 0
stop
ps7_init
ps7_post_config
targets -set -nocase -filter {name =~ "ARM*#0" && jtag_cable_name =~ "Digilent Zed 210248446996"} -index 0
rst -processor
targets -set -nocase -filter {name =~ "ARM*#0" && jtag_cable_name =~ "Digilent Zed 210248446996"} -index 0
dow C:/Users/agazor/agazorDropBox/Dropbox/UTU/DSP/OLED_on_ZedBoard-master/project_2/project_2.sdk/standalone/Debug/standalone.elf
configparams force-mem-access 0
----------------End of Script----------------

16:21:54 INFO  : Memory regions updated for context APU
16:21:54 INFO  : Context for processor 'ps7_cortexa9_0' is selected.
16:21:54 INFO  : 'con' command is executed.
16:21:54 INFO  : ----------------XSDB Script (After Launch)----------------
targets -set -nocase -filter {name =~ "ARM*#0" && jtag_cable_name =~ "Digilent Zed 210248446996"} -index 0
con
----------------End of Script----------------

16:21:54 INFO  : Launch script is exported to file 'C:\Users\agazor\agazorDropBox\Dropbox\UTU\DSP\OLED_on_ZedBoard-master\project_2\project_2.sdk\.sdk\launch_scripts\xilinx_c-c++_application_(system_debugger)\system_debugger_using_debug_standalone.elf_on_local.tcl'
16:30:18 INFO  : Disconnected from the channel tcfchan#1.
16:30:19 INFO  : 'targets -set -filter {jtag_cable_name =~ "Digilent Zed 210248446996" && level==0} -index 1' command is executed.
16:30:19 INFO  : 'fpga -state' command is executed.
16:30:23 INFO  : Connected to target on host '127.0.0.1' and port '3121'.
16:30:23 INFO  : Jtag cable 'Digilent Zed 210248446996' is selected.
16:30:24 INFO  : 'jtag frequency' command is executed.
16:30:24 INFO  : Sourcing of 'C:/Users/agazor/agazorDropBox/Dropbox/UTU/DSP/OLED_on_ZedBoard-master/project_2/project_2.sdk/base_zynq_wrapper_hw_platform_0/ps7_init.tcl' is done.
16:30:24 INFO  : Context for 'APU' is selected.
16:30:26 INFO  : Hardware design information is loaded from 'C:/Users/agazor/agazorDropBox/Dropbox/UTU/DSP/OLED_on_ZedBoard-master/project_2/project_2.sdk/base_zynq_wrapper_hw_platform_0/system.hdf'.
16:30:26 INFO  : 'configparams force-mem-access 1' command is executed.
16:30:26 INFO  : Context for 'APU' is selected.
16:30:26 INFO  : 'stop' command is executed.
16:30:27 INFO  : 'ps7_init' command is executed.
16:30:27 INFO  : 'ps7_post_config' command is executed.
16:30:27 INFO  : Context for processor 'ps7_cortexa9_0' is selected.
16:30:27 INFO  : Processor reset is completed for 'ps7_cortexa9_0'.
16:30:27 INFO  : Context for processor 'ps7_cortexa9_0' is selected.
16:30:27 INFO  : The application 'C:/Users/agazor/agazorDropBox/Dropbox/UTU/DSP/OLED_on_ZedBoard-master/project_2/project_2.sdk/standalone/Debug/standalone.elf' is downloaded to processor 'ps7_cortexa9_0'.
16:30:27 INFO  : 'configparams force-mem-access 0' command is executed.
16:30:27 INFO  : ----------------XSDB Script----------------
connect -url tcp:127.0.0.1:3121
source C:/Users/agazor/agazorDropBox/Dropbox/UTU/DSP/OLED_on_ZedBoard-master/project_2/project_2.sdk/base_zynq_wrapper_hw_platform_0/ps7_init.tcl
targets -set -nocase -filter {name =~"APU*" && jtag_cable_name =~ "Digilent Zed 210248446996"} -index 0
loadhw -hw C:/Users/agazor/agazorDropBox/Dropbox/UTU/DSP/OLED_on_ZedBoard-master/project_2/project_2.sdk/base_zynq_wrapper_hw_platform_0/system.hdf -mem-ranges [list {0x40000000 0xbfffffff}]
configparams force-mem-access 1
targets -set -nocase -filter {name =~"APU*" && jtag_cable_name =~ "Digilent Zed 210248446996"} -index 0
stop
ps7_init
ps7_post_config
targets -set -nocase -filter {name =~ "ARM*#0" && jtag_cable_name =~ "Digilent Zed 210248446996"} -index 0
rst -processor
targets -set -nocase -filter {name =~ "ARM*#0" && jtag_cable_name =~ "Digilent Zed 210248446996"} -index 0
dow C:/Users/agazor/agazorDropBox/Dropbox/UTU/DSP/OLED_on_ZedBoard-master/project_2/project_2.sdk/standalone/Debug/standalone.elf
configparams force-mem-access 0
----------------End of Script----------------

16:30:27 INFO  : Memory regions updated for context APU
16:30:27 INFO  : Context for processor 'ps7_cortexa9_0' is selected.
16:30:27 INFO  : 'con' command is executed.
16:30:27 INFO  : ----------------XSDB Script (After Launch)----------------
targets -set -nocase -filter {name =~ "ARM*#0" && jtag_cable_name =~ "Digilent Zed 210248446996"} -index 0
con
----------------End of Script----------------

16:30:27 INFO  : Launch script is exported to file 'C:\Users\agazor\agazorDropBox\Dropbox\UTU\DSP\OLED_on_ZedBoard-master\project_2\project_2.sdk\.sdk\launch_scripts\xilinx_c-c++_application_(system_debugger)\system_debugger_using_debug_standalone.elf_on_local.tcl'
16:31:14 INFO  : Disconnected from the channel tcfchan#2.
