INFO: [VRFC 10-2263] Analyzing Verilog file "C:/Users/agazor/agazorDropBox/Dropbox/UTU/DSP/OLED_on_ZedBoard-master/project_2/project_2.ip_user_files/bd/base_zynq/ip/base_zynq_processing_system7_0_0/sim/base_zynq_processing_system7_0_0.v" into library xil_defaultlib
INFO: [VRFC 10-311] analyzing module base_zynq_processing_system7_0_0
INFO: [VRFC 10-2263] Analyzing Verilog file "C:/Users/agazor/agazorDropBox/Dropbox/UTU/DSP/OLED_on_ZedBoard-master/project_2/project_2.ip_user_files/bd/base_zynq/ip/base_zynq_blk_mem_gen_0_0/sim/base_zynq_blk_mem_gen_0_0.v" into library xil_defaultlib
INFO: [VRFC 10-311] analyzing module base_zynq_blk_mem_gen_0_0
INFO: [VRFC 10-2263] Analyzing Verilog file "C:/Users/agazor/agazorDropBox/Dropbox/UTU/DSP/OLED_on_ZedBoard-master/project_2/project_2.ip_user_files/bd/base_zynq/ip/base_zynq_xbar_0/sim/base_zynq_xbar_0.v" into library xil_defaultlib
INFO: [VRFC 10-311] analyzing module base_zynq_xbar_0
INFO: [VRFC 10-2263] Analyzing Verilog file "C:/Users/agazor/agazorDropBox/Dropbox/UTU/DSP/OLED_on_ZedBoard-master/project_2/project_2.ip_user_files/bd/base_zynq/ip/base_zynq_auto_pc_0/sim/base_zynq_auto_pc_0.v" into library xil_defaultlib
INFO: [VRFC 10-311] analyzing module base_zynq_auto_pc_0
INFO: [VRFC 10-2263] Analyzing Verilog file "C:/Users/agazor/agazorDropBox/Dropbox/UTU/DSP/OLED_on_ZedBoard-master/project_2/project_2.ip_user_files/bd/base_zynq/ip/base_zynq_auto_pc_1/sim/base_zynq_auto_pc_1.v" into library xil_defaultlib
INFO: [VRFC 10-311] analyzing module base_zynq_auto_pc_1
INFO: [VRFC 10-2263] Analyzing Verilog file "C:/Users/agazor/agazorDropBox/Dropbox/UTU/DSP/OLED_on_ZedBoard-master/project_2/project_2.srcs/sim_1/imports/base_zynq/zynq_tb.v" into library xil_defaultlib
INFO: [VRFC 10-311] analyzing module tb
INFO: [VRFC 10-2263] Analyzing Verilog file "C:/Users/agazor/agazorDropBox/Dropbox/UTU/DSP/OLED_on_ZedBoard-master/project_2/project_2.sim/sim_1/behav/xsim/glbl.v" into library xil_defaultlib
INFO: [VRFC 10-311] analyzing module glbl
INFO: [VRFC 10-163] Analyzing VHDL file "C:/Users/agazor/agazorDropBox/Dropbox/UTU/DSP/OLED_on_ZedBoard-master/project_2/project_2.ip_user_files/bd/base_zynq/ip/base_zynq_axi_gpio_0_0/sim/base_zynq_axi_gpio_0_0.vhd" into library xil_defaultlib
INFO: [VRFC 10-307] analyzing entity base_zynq_axi_gpio_0_0
INFO: [VRFC 10-163] Analyzing VHDL file "C:/Users/agazor/agazorDropBox/Dropbox/UTU/DSP/OLED_on_ZedBoard-master/project_2/project_2.ip_user_files/bd/base_zynq/ip/base_zynq_axi_bram_ctrl_0_0/sim/base_zynq_axi_bram_ctrl_0_0.vhd" into library xil_defaultlib
INFO: [VRFC 10-307] analyzing entity base_zynq_axi_bram_ctrl_0_0
INFO: [VRFC 10-163] Analyzing VHDL file "C:/Users/agazor/agazorDropBox/Dropbox/UTU/DSP/OLED_on_ZedBoard-master/project_2/project_2.ip_user_files/bd/base_zynq/ip/base_zynq_rst_ps7_0_50M_0/sim/base_zynq_rst_ps7_0_50M_0.vhd" into library xil_defaultlib
INFO: [VRFC 10-307] analyzing entity base_zynq_rst_ps7_0_50M_0
INFO: [VRFC 10-163] Analyzing VHDL file "C:/Users/agazor/agazorDropBox/Dropbox/UTU/DSP/OLED_on_ZedBoard-master/project_2/project_2.ip_user_files/bd/base_zynq/sim/base_zynq.vhd" into library xil_defaultlib
INFO: [VRFC 10-307] analyzing entity m00_couplers_imp_QHT96L
INFO: [VRFC 10-307] analyzing entity m01_couplers_imp_11WP2HX
INFO: [VRFC 10-307] analyzing entity s00_couplers_imp_1JB4A1T
INFO: [VRFC 10-307] analyzing entity base_zynq_ps7_0_axi_periph_0
INFO: [VRFC 10-307] analyzing entity base_zynq
INFO: [VRFC 10-163] Analyzing VHDL file "C:/Users/agazor/agazorDropBox/Dropbox/UTU/DSP/OLED_on_ZedBoard-master/project_2/project_2.srcs/sources_1/bd/base_zynq/hdl/base_zynq_wrapper.vhd" into library xil_defaultlib
INFO: [VRFC 10-307] analyzing entity base_zynq_wrapper
